BUILD: Examining r:\rs_prerelease\onecore\shell\osshell\accesory\common\legacy directory for files to compile.
Compiling r:\rs_prerelease\onecore\shell\osshell\accesory\common\legacy directory ********************
'nmake.exe /c BUILDMSG=Stop. -i NTTEST= UMTEST= NOLINK=1 386=1'
1>BUILDMSG: Processing r:\rs_prerelease\onecore\shell\osshell\accesory\common\legacy
Elapsed time [0:00:00.078] ********************
1>cl -nologo -Ii386\ -I. -I. -Iobj\i386 -IR:\rs_prerelease\onecore\Shell\inc -IR:\rs_prerelease\onecore\Shell\inc\obj\i386 -IR:\rs_prerelease\public\internal\Shell\inc -IR:\rs_prerelease\public\oak\inc -IR:\rs_prerelease\public\sdk\inc -IR:\rs_prerelease\public\sdk\inc\crt -D_X86_=1 -Di386=1  -DSTD_CALL -DCONDITION_HANDLING=1 -DNT_UP=1  -DNT_INST=0 -DWIN32=100 -D_NT1X_=100 -DWINNT=1 -D_WIN32_WINNT=0x0A00 /DWINVER=0x0A00 -D_WIN32_IE=0x0B00    -DWIN32_LEAN_AND_MEAN=1 -DDEVL=1 -D__BUILDDATE__=250325-1224 -D__BUILDMACHINE__=Administrator -DFPO=1  -DNDEBUG -DWIN32     /c /Zp8 /Gy /Gm-  /W3  /Gz   /EHs-c-  /GR- /GF /GS -Z7 /Oxs  /Oy -Z7   -FIR:\rs_prerelease\onecore\external\shared\inc\warning.h   .\datein.c .\dateinit.c .\datelini.c .\dateout.c .\dateoutl.c .\help.c .\ll.c .\message.c 
1>datein.c
1>dateinit.c
1>datelini.c
1>dateout.c
1>dateoutl.c
1>help.c
1>ll.c
1>message.c
1>Generating Code...
1>	lib -out:obj\i386\common.lib -IGNORE:4010,4037,4039,4065,4070,4078,4087,4089,4221,4198   -nodefaultlib -machine:ix86 @C:\Users\ADMINI~1\AppData\Local\Temp\nm7649.tmp
1>Microsoft (R) Library Manager Version 14.43.34809.0
1>Copyright (C) Microsoft Corporation.  All rights reserved.
1>
1>obj\i386\datein.obj 
1>obj\i386\dateinit.obj 
1>obj\i386\datelini.obj 
1>obj\i386\dateout.obj 
1>obj\i386\dateoutl.obj 
1>obj\i386\help.obj 
1>obj\i386\ll.obj 
1>obj\i386\message.obj 
1>
1>Stop.
