BUILD: Examining r:\rs_prerelease\onecore\drivers\input\moufiltr directory for files to compile.
Building generated files in r:\rs_prerelease\onecore\drivers\input\moufiltr ********************
'nmake.exe /c BUILDMSG=Stop. -i NTTEST= UMTEST= NOLINK=1 PASS0ONLY=1 386=1'
1>BUILDMSG: Processing r:\rs_prerelease\onecore\drivers\input\moufiltr
Elapsed time [0:00:00.063] ********************
1>
1>Stop.
Compiling r:\rs_prerelease\onecore\drivers\input\moufiltr directory ********************
'nmake.exe /c BUILDMSG=Stop. -i NTTEST= UMTEST= NOLINK=1 386=1'
1>BUILDMSG: Processing r:\rs_prerelease\onecore\drivers\input\moufiltr
Elapsed time [0:00:01.406] ********************
1>    rc -l 409 -DSXS_ASSEMBLY_NAME=""""""  -DSXS_ASSEMBLY_VERSION=""""""  -DSXS_ASSEMBLY_LANGUAGE=""""""  -DSXS_PROCESSOR_ARCHITECTURE="""x86"""  -DSXS_TARGET="""moufiltr.sys"""   -DSYSTEM_COMPATIBLE_ASSEMBLY_NAME="""Microsoft.Windows.SystemCompatible"""  -DLSYSTEM_COMPATIBLE_ASSEMBLY_NAME=L"""Microsoft.Windows.SystemCompatible"""   -z "MS Sans Serif,Helv/MS Shell Dlg"  -r -fo obj\i386\moufiltr.res -D_X86_=1 -Di386=1  -DSTD_CALL -DCONDITION_HANDLING=1 -DNT_UP=1  -DNT_INST=0 -DWIN32=100 -D_NT1X_=100 -DWINNT=1 -D_WIN32_WINNT=0x0A00 /DWINVER=0x0A00 -D_WIN32_IE=0x0B00    -DWIN32_LEAN_AND_MEAN=1 -DDEVL=1 -D__BUILDDATE__=250325-1224 -D__BUILDMACHINE__=Administrator -DFPO=1  -DNDEBUG -D_DLL=1    -Iobj\i386 -IR:\rs_prerelease\onecore\Drivers\inc -IR:\rs_prerelease\onecore\Drivers\inc\obj\i386 -IR:\rs_prerelease\public\internal\Drivers\inc -IR:\rs_prerelease\public\oak\inc -IR:\rs_prerelease\public\sdk\inc -IR:\rs_prerelease\public\ddk\inc -IR:\rs_prerelease\public\ddk\inc\wdm -IR:\rs_prerelease\public\ddk\inc\wdf\kmdf\1.15 -IR:\rs_prerelease\public\sdk\inc\crt .\moufiltr.rc
1>Microsoft (R) Windows (R) Resource Compiler Version 10.0.10011.16384
1>Copyright (C) Microsoft Corporation.  All rights reserved.
1>
1>cl -nologo -Ii386\ -I. -Iobj\i386 -IR:\rs_prerelease\onecore\Drivers\inc -IR:\rs_prerelease\onecore\Drivers\inc\obj\i386 -IR:\rs_prerelease\public\internal\Drivers\inc -IR:\rs_prerelease\public\oak\inc -IR:\rs_prerelease\public\sdk\inc -IR:\rs_prerelease\public\ddk\inc -IR:\rs_prerelease\public\ddk\inc\wdm -IR:\rs_prerelease\public\ddk\inc\wdf\kmdf\1.15 -IR:\rs_prerelease\public\sdk\inc\crt -D_X86_=1 -Di386=1  -DSTD_CALL -DCONDITION_HANDLING=1 -DNT_UP=1  -DNT_INST=0 -DWIN32=100 -D_NT1X_=100 -DWINNT=1 -D_WIN32_WINNT=0x0A00 /DWINVER=0x0A00 -D_WIN32_IE=0x0B00    -DWIN32_LEAN_AND_MEAN=1 -DDEVL=1 -D__BUILDDATE__=250325-1224 -D__BUILDMACHINE__=Administrator -DFPO=1  -DNDEBUG -D_DLL=1      /c /Zp8 /Gy /Gm- -cbstring /W4 /WX  /Gz  /EHs-c-  /GR- /GF  -Z7 /Oxs  /Oy -Z7   /DKMDF_MAJOR_VERSION=1 /DKMDF_MINOR_VERSION=15 /DKMDF_MAJOR_VERSION_STRING=01 /DKMDF_MINOR_VERSION_STRING=015 -FIR:\rs_prerelease\onecore\external\shared\inc\warning.h   .\moufiltr.c 
1>moufiltr.c
1>
1>Stop.
Linking r:\rs_prerelease\onecore\drivers\input\moufiltr directory ********************
'nmake.exe /c BUILDMSG=Stop. -i LINKONLY=1 NOPASS0=1 NTTEST= UMTEST= 386=1'
Elapsed time [0:00:04.047] ********************
1>	link -out:obj\i386\moufiltr.sys -machine:ix86 @C:\Users\ADMINI~1\AppData\Local\Temp\nm2207.tmp
1>Microsoft (R) Incremental Linker Version 14.43.34809.0
1>Copyright (C) Microsoft Corporation.  All rights reserved.
1>
1>-MERGE:_PAGE=PAGE 
1>-MERGE:_TEXT=.text 
1>-SECTION:INIT,d 
1>-OPT:REF 
1>-OPT:ICF 
1>-IGNORE:4010,4037,4039,4065,4070,4078,4087,4089,4221,4198 
1>-INCREMENTAL:NO 
1>-FULLBUILD 
1>/release 
1>-NODEFAULTLIB 
1>-debug:FULL 
1>-debugtype:cv 
1>-version:10.0 
1>-osversion:10.0 
1>-debug:full 
1>-debugtype:cv,fixup 
1>-STACK:0x40000,0x1000 
1>-driver 
1>-base:0x10000 
1>-align:0x80 /stub:R:\rs_prerelease\public\sdk\lib\stub512.com 
1>-subsystem:native,10.00 
1>-entry:FxDriverEntry@8 
1>-out:obj\i386\moufiltr.sys 
1>obj\i386\moufiltr.res 
1>obj\i386\moufiltr.obj 
1>R:\rs_prerelease\public\ddk\lib\i386\ntoskrnl.lib 
1>R:\rs_prerelease\public\ddk\lib\i386\hal.lib 
1>R:\rs_prerelease\public\ddk\lib\i386\wmilib.lib 
1>R:\rs_prerelease\public\ddk\lib\i386\wdf\kmdf\1.15\WdfLdr.lib 
1>R:\rs_prerelease\public\ddk\lib\i386\wdf\kmdf\1.15\WdfDriverEntry.lib 
1>R:\rs_prerelease\public\ddk\lib\i386\BufferOverflowFastFailK.lib 
1>	compact /c /q obj\i386\moufiltr.pdb
1>
1> Compressing files in r:\rs_prerelease\onecore\drivers\input\moufiltr\obj\i386\
1>
1>
1>0 files within 1 directories were compressed.
1>0 total bytes of data are stored in 0 bytes.
1>The compression ratio is 1.0 to 1.
1>	echo.
1>
1>	( echo. )
1> 
1>
1>Stop.
